{"D:\\Projects\\interview\\Freshworks-parcel\\src\\js\\config.js": {"path":"D:\\Projects\\interview\\Freshworks-parcel\\src\\js\\config.js","statementMap":{"0":{"start":{"line":1,"column":0},"end":{"line":19,"column":2}},"1":{"start":{"line":21,"column":0},"end":{"line":77,"column":2}}},"fnMap":{},"branchMap":{},"s":{"0":1,"1":1},"f":{},"b":{},"_coverageSchema":"1a1c01bbd47fc00a2c39e90264f33305004495a9","hash":"4419a33cc5392d440e2bbf2cfd14f1b14795d812"}
,"D:\\Projects\\interview\\Freshworks-parcel\\src\\js\\index.js": {"path":"D:\\Projects\\interview\\Freshworks-parcel\\src\\js\\index.js","statementMap":{"0":{"start":{"line":1,"column":30},"end":{"line":1,"column":49}},"1":{"start":{"line":3,"column":2},"end":{"line":3,"column":64}},"2":{"start":{"line":4,"column":24},"end":{"line":4,"column":37}},"3":{"start":{"line":5,"column":20},"end":{"line":5,"column":21}},"4":{"start":{"line":6,"column":23},"end":{"line":6,"column":28}},"5":{"start":{"line":7,"column":22},"end":{"line":7,"column":24}},"6":{"start":{"line":8,"column":17},"end":{"line":8,"column":19}},"7":{"start":{"line":14,"column":0},"end":{"line":30,"column":2}},"8":{"start":{"line":15,"column":23},"end":{"line":15,"column":40}},"9":{"start":{"line":16,"column":2},"end":{"line":20,"column":3}},"10":{"start":{"line":17,"column":4},"end":{"line":17,"column":53}},"11":{"start":{"line":18,"column":4},"end":{"line":18,"column":49}},"12":{"start":{"line":19,"column":4},"end":{"line":19,"column":55}},"13":{"start":{"line":21,"column":2},"end":{"line":21,"column":16}},"14":{"start":{"line":22,"column":2},"end":{"line":28,"column":3}},"15":{"start":{"line":23,"column":20},"end":{"line":23,"column":58}},"16":{"start":{"line":24,"column":23},"end":{"line":24,"column":60}},"17":{"start":{"line":25,"column":4},"end":{"line":25,"column":34}},"18":{"start":{"line":26,"column":4},"end":{"line":26,"column":40}},"19":{"start":{"line":27,"column":4},"end":{"line":27,"column":40}},"20":{"start":{"line":29,"column":2},"end":{"line":29,"column":62}},"21":{"start":{"line":36,"column":2},"end":{"line":39,"column":3}},"22":{"start":{"line":37,"column":4},"end":{"line":37,"column":61}},"23":{"start":{"line":38,"column":4},"end":{"line":38,"column":66}},"24":{"start":{"line":48,"column":2},"end":{"line":48,"column":25}},"25":{"start":{"line":49,"column":2},"end":{"line":49,"column":26}},"26":{"start":{"line":50,"column":18},"end":{"line":50,"column":56}},"27":{"start":{"line":51,"column":2},"end":{"line":51,"column":32}},"28":{"start":{"line":52,"column":2},"end":{"line":52,"column":38}},"29":{"start":{"line":53,"column":2},"end":{"line":53,"column":26}},"30":{"start":{"line":54,"column":23},"end":{"line":54,"column":40}},"31":{"start":{"line":55,"column":2},"end":{"line":66,"column":3}},"32":{"start":{"line":56,"column":26},"end":{"line":60,"column":5}},"33":{"start":{"line":61,"column":4},"end":{"line":61,"column":37}},"34":{"start":{"line":63,"column":4},"end":{"line":63,"column":55}},"35":{"start":{"line":64,"column":4},"end":{"line":64,"column":49}},"36":{"start":{"line":65,"column":4},"end":{"line":65,"column":36}},"37":{"start":{"line":76,"column":2},"end":{"line":76,"column":25}},"38":{"start":{"line":77,"column":2},"end":{"line":80,"column":3}},"39":{"start":{"line":78,"column":4},"end":{"line":78,"column":64}},"40":{"start":{"line":79,"column":4},"end":{"line":79,"column":68}},"41":{"start":{"line":82,"column":2},"end":{"line":85,"column":3}},"42":{"start":{"line":83,"column":4},"end":{"line":83,"column":64}},"43":{"start":{"line":84,"column":4},"end":{"line":84,"column":63}},"44":{"start":{"line":86,"column":2},"end":{"line":92,"column":3}},"45":{"start":{"line":87,"column":4},"end":{"line":87,"column":20}},"46":{"start":{"line":88,"column":25},"end":{"line":88,"column":42}},"47":{"start":{"line":89,"column":4},"end":{"line":89,"column":49}},"48":{"start":{"line":90,"column":4},"end":{"line":90,"column":36}},"49":{"start":{"line":91,"column":4},"end":{"line":91,"column":40}},"50":{"start":{"line":102,"column":2},"end":{"line":102,"column":25}},"51":{"start":{"line":104,"column":2},"end":{"line":118,"column":3}},"52":{"start":{"line":109,"column":4},"end":{"line":109,"column":20}},"53":{"start":{"line":110,"column":25},"end":{"line":110,"column":42}},"54":{"start":{"line":111,"column":4},"end":{"line":111,"column":49}},"55":{"start":{"line":112,"column":4},"end":{"line":112,"column":36}},"56":{"start":{"line":113,"column":4},"end":{"line":113,"column":51}},"57":{"start":{"line":114,"column":4},"end":{"line":114,"column":40}},"58":{"start":{"line":115,"column":4},"end":{"line":115,"column":18}},"59":{"start":{"line":117,"column":4},"end":{"line":117,"column":16}},"60":{"start":{"line":126,"column":2},"end":{"line":126,"column":25}},"61":{"start":{"line":127,"column":2},"end":{"line":127,"column":19}},"62":{"start":{"line":129,"column":2},"end":{"line":131,"column":3}},"63":{"start":{"line":130,"column":4},"end":{"line":130,"column":30}},"64":{"start":{"line":138,"column":23},"end":{"line":138,"column":40}},"65":{"start":{"line":139,"column":2},"end":{"line":142,"column":4}},"66":{"start":{"line":143,"column":2},"end":{"line":143,"column":34}},"67":{"start":{"line":150,"column":2},"end":{"line":150,"column":62}},"68":{"start":{"line":151,"column":2},"end":{"line":151,"column":67}},"69":{"start":{"line":152,"column":2},"end":{"line":154,"column":65}},"70":{"start":{"line":162,"column":2},"end":{"line":169,"column":3}},"71":{"start":{"line":166,"column":4},"end":{"line":166,"column":51}},"72":{"start":{"line":168,"column":4},"end":{"line":168,"column":16}},"73":{"start":{"line":177,"column":2},"end":{"line":183,"column":3}},"74":{"start":{"line":178,"column":4},"end":{"line":178,"column":23}},"75":{"start":{"line":179,"column":9},"end":{"line":183,"column":3}},"76":{"start":{"line":180,"column":4},"end":{"line":180,"column":24}},"77":{"start":{"line":182,"column":4},"end":{"line":182,"column":20}},"78":{"start":{"line":186,"column":21},"end":{"line":186,"column":101}},"79":{"start":{"line":187,"column":27},"end":{"line":187,"column":119}},"80":{"start":{"line":193,"column":2},"end":{"line":195,"column":3}},"81":{"start":{"line":194,"column":4},"end":{"line":194,"column":66}},"82":{"start":{"line":205,"column":17},"end":{"line":205,"column":53}},"83":{"start":{"line":206,"column":16},"end":{"line":206,"column":40}},"84":{"start":{"line":208,"column":12},"end":{"line":208,"column":14}},"85":{"start":{"line":209,"column":2},"end":{"line":220,"column":5}},"86":{"start":{"line":210,"column":4},"end":{"line":219,"column":12}},"87":{"start":{"line":222,"column":24},"end":{"line":228,"column":3}},"88":{"start":{"line":229,"column":2},"end":{"line":229,"column":37}},"89":{"start":{"line":232,"column":2},"end":{"line":249,"column":5}},"90":{"start":{"line":233,"column":4},"end":{"line":235,"column":5}},"91":{"start":{"line":234,"column":6},"end":{"line":234,"column":72}},"92":{"start":{"line":237,"column":4},"end":{"line":237,"column":20}},"93":{"start":{"line":239,"column":4},"end":{"line":248,"column":5}},"94":{"start":{"line":240,"column":6},"end":{"line":240,"column":43}},"95":{"start":{"line":241,"column":24},"end":{"line":241,"column":75}},"96":{"start":{"line":242,"column":23},"end":{"line":242,"column":68}},"97":{"start":{"line":243,"column":6},"end":{"line":246,"column":8}},"98":{"start":{"line":247,"column":6},"end":{"line":247,"column":38}},"99":{"start":{"line":252,"column":18},"end":{"line":252,"column":49}},"100":{"start":{"line":252,"column":31},"end":{"line":252,"column":49}},"101":{"start":{"line":261,"column":17},"end":{"line":261,"column":53}},"102":{"start":{"line":262,"column":16},"end":{"line":262,"column":40}},"103":{"start":{"line":263,"column":12},"end":{"line":263,"column":14}},"104":{"start":{"line":264,"column":2},"end":{"line":281,"column":5}},"105":{"start":{"line":266,"column":6},"end":{"line":266,"column":73}},"106":{"start":{"line":268,"column":4},"end":{"line":280,"column":4}},"107":{"start":{"line":282,"column":2},"end":{"line":288,"column":3}},"108":{"start":{"line":290,"column":2},"end":{"line":309,"column":5}},"109":{"start":{"line":291,"column":4},"end":{"line":308,"column":7}},"110":{"start":{"line":292,"column":6},"end":{"line":296,"column":7}},"111":{"start":{"line":293,"column":8},"end":{"line":295,"column":38}},"112":{"start":{"line":298,"column":6},"end":{"line":298,"column":22}},"113":{"start":{"line":299,"column":6},"end":{"line":301,"column":8}},"114":{"start":{"line":302,"column":6},"end":{"line":302,"column":38}},"115":{"start":{"line":304,"column":21},"end":{"line":304,"column":59}},"116":{"start":{"line":305,"column":6},"end":{"line":307,"column":7}},"117":{"start":{"line":306,"column":8},"end":{"line":306,"column":39}},"118":{"start":{"line":319,"column":17},"end":{"line":319,"column":53}},"119":{"start":{"line":320,"column":2},"end":{"line":327,"column":3}},"120":{"start":{"line":329,"column":26},"end":{"line":331,"column":30}},"121":{"start":{"line":332,"column":2},"end":{"line":334,"column":3}},"122":{"start":{"line":333,"column":4},"end":{"line":333,"column":77}},"123":{"start":{"line":336,"column":2},"end":{"line":346,"column":5}},"124":{"start":{"line":337,"column":4},"end":{"line":337,"column":70}},"125":{"start":{"line":339,"column":4},"end":{"line":344,"column":5}},"126":{"start":{"line":340,"column":6},"end":{"line":340,"column":58}},"127":{"start":{"line":342,"column":6},"end":{"line":342,"column":72}},"128":{"start":{"line":343,"column":6},"end":{"line":343,"column":22}},"129":{"start":{"line":345,"column":4},"end":{"line":345,"column":36}},"130":{"start":{"line":355,"column":17},"end":{"line":381,"column":1}},"131":{"start":{"line":356,"column":2},"end":{"line":380,"column":3}},"132":{"start":{"line":357,"column":24},"end":{"line":364,"column":6}},"133":{"start":{"line":365,"column":20},"end":{"line":365,"column":44}},"134":{"start":{"line":366,"column":4},"end":{"line":375,"column":5}},"135":{"start":{"line":367,"column":6},"end":{"line":367,"column":75}},"136":{"start":{"line":368,"column":6},"end":{"line":368,"column":66}},"137":{"start":{"line":369,"column":6},"end":{"line":369,"column":24}},"138":{"start":{"line":370,"column":6},"end":{"line":370,"column":31}},"139":{"start":{"line":371,"column":6},"end":{"line":371,"column":27}},"140":{"start":{"line":372,"column":6},"end":{"line":372,"column":22}},"141":{"start":{"line":373,"column":6},"end":{"line":373,"column":47}},"142":{"start":{"line":374,"column":6},"end":{"line":374,"column":74}},"143":{"start":{"line":377,"column":28},"end":{"line":377,"column":73}},"144":{"start":{"line":378,"column":4},"end":{"line":378,"column":45}},"145":{"start":{"line":379,"column":4},"end":{"line":379,"column":48}},"146":{"start":{"line":382,"column":23},"end":{"line":397,"column":7}},"147":{"start":{"line":399,"column":0},"end":{"line":399,"column":73}},"148":{"start":{"line":400,"column":0},"end":{"line":400,"column":67}},"149":{"start":{"line":401,"column":0},"end":{"line":401,"column":67}},"150":{"start":{"line":402,"column":0},"end":{"line":402,"column":71}},"151":{"start":{"line":406,"column":2},"end":{"line":406,"column":62}},"152":{"start":{"line":409,"column":2},"end":{"line":409,"column":59}}},"fnMap":{"0":{"name":"(anonymous_0)","decl":{"start":{"line":14,"column":16},"end":{"line":14,"column":17}},"loc":{"start":{"line":14,"column":28},"end":{"line":30,"column":1}},"line":14},"1":{"name":"hideNextBtn","decl":{"start":{"line":35,"column":9},"end":{"line":35,"column":20}},"loc":{"start":{"line":35,"column":23},"end":{"line":40,"column":1}},"line":35},"2":{"name":"proceed","decl":{"start":{"line":47,"column":9},"end":{"line":47,"column":16}},"loc":{"start":{"line":47,"column":24},"end":{"line":67,"column":1}},"line":47},"3":{"name":"back","decl":{"start":{"line":75,"column":9},"end":{"line":75,"column":13}},"loc":{"start":{"line":75,"column":21},"end":{"line":93,"column":1}},"line":75},"4":{"name":"next","decl":{"start":{"line":101,"column":9},"end":{"line":101,"column":13}},"loc":{"start":{"line":101,"column":21},"end":{"line":119,"column":1}},"line":101},"5":{"name":"submit","decl":{"start":{"line":125,"column":9},"end":{"line":125,"column":15}},"loc":{"start":{"line":125,"column":23},"end":{"line":132,"column":1}},"line":125},"6":{"name":"updateLocalStorageWhenChanged","decl":{"start":{"line":137,"column":9},"end":{"line":137,"column":38}},"loc":{"start":{"line":137,"column":41},"end":{"line":144,"column":1}},"line":137},"7":{"name":"addErrors","decl":{"start":{"line":149,"column":9},"end":{"line":149,"column":18}},"loc":{"start":{"line":149,"column":21},"end":{"line":155,"column":1}},"line":149},"8":{"name":"checkHasErrors","decl":{"start":{"line":161,"column":9},"end":{"line":161,"column":23}},"loc":{"start":{"line":161,"column":26},"end":{"line":170,"column":1}},"line":161},"9":{"name":"viewDynamicQuestions","decl":{"start":{"line":176,"column":9},"end":{"line":176,"column":29}},"loc":{"start":{"line":176,"column":37},"end":{"line":184,"column":1}},"line":176},"10":{"name":"cleanUpErrors","decl":{"start":{"line":192,"column":9},"end":{"line":192,"column":22}},"loc":{"start":{"line":192,"column":25},"end":{"line":196,"column":1}},"line":192},"11":{"name":"showList","decl":{"start":{"line":204,"column":9},"end":{"line":204,"column":17}},"loc":{"start":{"line":204,"column":25},"end":{"line":250,"column":1}},"line":204},"12":{"name":"(anonymous_12)","decl":{"start":{"line":209,"column":18},"end":{"line":209,"column":19}},"loc":{"start":{"line":209,"column":35},"end":{"line":220,"column":3}},"line":209},"13":{"name":"(anonymous_13)","decl":{"start":{"line":232,"column":57},"end":{"line":232,"column":58}},"loc":{"start":{"line":232,"column":74},"end":{"line":249,"column":3}},"line":232},"14":{"name":"(anonymous_14)","decl":{"start":{"line":252,"column":18},"end":{"line":252,"column":19}},"loc":{"start":{"line":252,"column":31},"end":{"line":252,"column":49}},"line":252},"15":{"name":"showBoolean","decl":{"start":{"line":260,"column":9},"end":{"line":260,"column":20}},"loc":{"start":{"line":260,"column":28},"end":{"line":310,"column":1}},"line":260},"16":{"name":"(anonymous_16)","decl":{"start":{"line":264,"column":18},"end":{"line":264,"column":19}},"loc":{"start":{"line":264,"column":35},"end":{"line":281,"column":3}},"line":264},"17":{"name":"(anonymous_17)","decl":{"start":{"line":290,"column":64},"end":{"line":290,"column":65}},"loc":{"start":{"line":290,"column":76},"end":{"line":309,"column":3}},"line":290},"18":{"name":"(anonymous_18)","decl":{"start":{"line":291,"column":37},"end":{"line":291,"column":38}},"loc":{"start":{"line":291,"column":54},"end":{"line":308,"column":5}},"line":291},"19":{"name":"showTextarea","decl":{"start":{"line":318,"column":9},"end":{"line":318,"column":21}},"loc":{"start":{"line":318,"column":29},"end":{"line":347,"column":1}},"line":318},"20":{"name":"(anonymous_20)","decl":{"start":{"line":336,"column":45},"end":{"line":336,"column":46}},"loc":{"start":{"line":336,"column":62},"end":{"line":346,"column":3}},"line":336},"21":{"name":"(anonymous_21)","decl":{"start":{"line":355,"column":17},"end":{"line":355,"column":18}},"loc":{"start":{"line":355,"column":33},"end":{"line":381,"column":1}},"line":355},"22":{"name":"setLocalStorage","decl":{"start":{"line":405,"column":9},"end":{"line":405,"column":24}},"loc":{"start":{"line":405,"column":31},"end":{"line":407,"column":1}},"line":405},"23":{"name":"getLocalStorage","decl":{"start":{"line":408,"column":9},"end":{"line":408,"column":24}},"loc":{"start":{"line":408,"column":27},"end":{"line":410,"column":1}},"line":408}},"branchMap":{"0":{"loc":{"start":{"line":16,"column":2},"end":{"line":20,"column":3}},"type":"if","locations":[{"start":{"line":16,"column":2},"end":{"line":20,"column":3}},{"start":{"line":16,"column":2},"end":{"line":20,"column":3}}],"line":16},"1":{"loc":{"start":{"line":22,"column":2},"end":{"line":28,"column":3}},"type":"if","locations":[{"start":{"line":22,"column":2},"end":{"line":28,"column":3}},{"start":{"line":22,"column":2},"end":{"line":28,"column":3}}],"line":22},"2":{"loc":{"start":{"line":36,"column":2},"end":{"line":39,"column":3}},"type":"if","locations":[{"start":{"line":36,"column":2},"end":{"line":39,"column":3}},{"start":{"line":36,"column":2},"end":{"line":39,"column":3}}],"line":36},"3":{"loc":{"start":{"line":55,"column":2},"end":{"line":66,"column":3}},"type":"if","locations":[{"start":{"line":55,"column":2},"end":{"line":66,"column":3}},{"start":{"line":55,"column":2},"end":{"line":66,"column":3}}],"line":55},"4":{"loc":{"start":{"line":77,"column":2},"end":{"line":80,"column":3}},"type":"if","locations":[{"start":{"line":77,"column":2},"end":{"line":80,"column":3}},{"start":{"line":77,"column":2},"end":{"line":80,"column":3}}],"line":77},"5":{"loc":{"start":{"line":82,"column":2},"end":{"line":85,"column":3}},"type":"if","locations":[{"start":{"line":82,"column":2},"end":{"line":85,"column":3}},{"start":{"line":82,"column":2},"end":{"line":85,"column":3}}],"line":82},"6":{"loc":{"start":{"line":86,"column":2},"end":{"line":92,"column":3}},"type":"if","locations":[{"start":{"line":86,"column":2},"end":{"line":92,"column":3}},{"start":{"line":86,"column":2},"end":{"line":92,"column":3}}],"line":86},"7":{"loc":{"start":{"line":104,"column":2},"end":{"line":118,"column":3}},"type":"if","locations":[{"start":{"line":104,"column":2},"end":{"line":118,"column":3}},{"start":{"line":104,"column":2},"end":{"line":118,"column":3}}],"line":104},"8":{"loc":{"start":{"line":105,"column":4},"end":{"line":107,"column":62}},"type":"binary-expr","locations":[{"start":{"line":105,"column":5},"end":{"line":105,"column":41}},{"start":{"line":106,"column":6},"end":{"line":106,"column":63}},{"start":{"line":107,"column":4},"end":{"line":107,"column":62}}],"line":105},"9":{"loc":{"start":{"line":129,"column":2},"end":{"line":131,"column":3}},"type":"if","locations":[{"start":{"line":129,"column":2},"end":{"line":131,"column":3}},{"start":{"line":129,"column":2},"end":{"line":131,"column":3}}],"line":129},"10":{"loc":{"start":{"line":162,"column":2},"end":{"line":169,"column":3}},"type":"if","locations":[{"start":{"line":162,"column":2},"end":{"line":169,"column":3}},{"start":{"line":162,"column":2},"end":{"line":169,"column":3}}],"line":162},"11":{"loc":{"start":{"line":163,"column":4},"end":{"line":164,"column":60}},"type":"binary-expr","locations":[{"start":{"line":163,"column":4},"end":{"line":163,"column":36}},{"start":{"line":164,"column":4},"end":{"line":164,"column":60}}],"line":163},"12":{"loc":{"start":{"line":177,"column":2},"end":{"line":183,"column":3}},"type":"if","locations":[{"start":{"line":177,"column":2},"end":{"line":183,"column":3}},{"start":{"line":177,"column":2},"end":{"line":183,"column":3}}],"line":177},"13":{"loc":{"start":{"line":179,"column":9},"end":{"line":183,"column":3}},"type":"if","locations":[{"start":{"line":179,"column":9},"end":{"line":183,"column":3}},{"start":{"line":179,"column":9},"end":{"line":183,"column":3}}],"line":179},"14":{"loc":{"start":{"line":193,"column":2},"end":{"line":195,"column":3}},"type":"if","locations":[{"start":{"line":193,"column":2},"end":{"line":195,"column":3}},{"start":{"line":193,"column":2},"end":{"line":195,"column":3}}],"line":193},"15":{"loc":{"start":{"line":211,"column":6},"end":{"line":214,"column":12}},"type":"cond-expr","locations":[{"start":{"line":213,"column":10},"end":{"line":213,"column":19}},{"start":{"line":214,"column":10},"end":{"line":214,"column":12}}],"line":211},"16":{"loc":{"start":{"line":211,"column":6},"end":{"line":212,"column":61}},"type":"binary-expr","locations":[{"start":{"line":211,"column":6},"end":{"line":211,"column":42}},{"start":{"line":212,"column":6},"end":{"line":212,"column":61}}],"line":211},"17":{"loc":{"start":{"line":233,"column":4},"end":{"line":235,"column":5}},"type":"if","locations":[{"start":{"line":233,"column":4},"end":{"line":235,"column":5}},{"start":{"line":233,"column":4},"end":{"line":235,"column":5}}],"line":233},"18":{"loc":{"start":{"line":239,"column":4},"end":{"line":248,"column":5}},"type":"if","locations":[{"start":{"line":239,"column":4},"end":{"line":248,"column":5}},{"start":{"line":239,"column":4},"end":{"line":248,"column":5}}],"line":239},"19":{"loc":{"start":{"line":266,"column":6},"end":{"line":266,"column":73}},"type":"cond-expr","locations":[{"start":{"line":266,"column":60},"end":{"line":266,"column":68}},{"start":{"line":266,"column":71},"end":{"line":266,"column":73}}],"line":266},"20":{"loc":{"start":{"line":275,"column":32},"end":{"line":275,"column":57}},"type":"cond-expr","locations":[{"start":{"line":275,"column":43},"end":{"line":275,"column":52}},{"start":{"line":275,"column":55},"end":{"line":275,"column":57}}],"line":275},"21":{"loc":{"start":{"line":292,"column":6},"end":{"line":296,"column":7}},"type":"if","locations":[{"start":{"line":292,"column":6},"end":{"line":296,"column":7}},{"start":{"line":292,"column":6},"end":{"line":296,"column":7}}],"line":292},"22":{"loc":{"start":{"line":305,"column":6},"end":{"line":307,"column":7}},"type":"if","locations":[{"start":{"line":305,"column":6},"end":{"line":307,"column":7}},{"start":{"line":305,"column":6},"end":{"line":307,"column":7}}],"line":305},"23":{"loc":{"start":{"line":332,"column":2},"end":{"line":334,"column":3}},"type":"if","locations":[{"start":{"line":332,"column":2},"end":{"line":334,"column":3}},{"start":{"line":332,"column":2},"end":{"line":334,"column":3}}],"line":332},"24":{"loc":{"start":{"line":339,"column":4},"end":{"line":344,"column":5}},"type":"if","locations":[{"start":{"line":339,"column":4},"end":{"line":344,"column":5}},{"start":{"line":339,"column":4},"end":{"line":344,"column":5}}],"line":339},"25":{"loc":{"start":{"line":366,"column":4},"end":{"line":375,"column":5}},"type":"if","locations":[{"start":{"line":366,"column":4},"end":{"line":375,"column":5}},{"start":{"line":366,"column":4},"end":{"line":375,"column":5}}],"line":366}},"s":{"0":1,"1":1,"2":1,"3":1,"4":1,"5":1,"6":1,"7":1,"8":1,"9":1,"10":1,"11":1,"12":1,"13":1,"14":1,"15":1,"16":1,"17":1,"18":1,"19":1,"20":1,"21":6,"22":3,"23":3,"24":5,"25":5,"26":5,"27":5,"28":5,"29":5,"30":5,"31":5,"32":1,"33":1,"34":4,"35":4,"36":4,"37":3,"38":3,"39":1,"40":1,"41":3,"42":1,"43":1,"44":3,"45":2,"46":2,"47":2,"48":2,"49":2,"50":7,"51":7,"52":5,"53":5,"54":5,"55":5,"56":5,"57":5,"58":5,"59":2,"60":5,"61":5,"62":5,"63":2,"64":10,"65":10,"66":10,"67":5,"68":5,"69":5,"70":5,"71":2,"72":3,"73":8,"74":2,"75":6,"76":3,"77":3,"78":1,"79":1,"80":9,"81":9,"82":8,"83":8,"84":8,"85":8,"86":24,"87":8,"88":8,"89":8,"90":3,"91":1,"92":3,"93":3,"94":3,"95":3,"96":3,"97":3,"98":3,"99":1,"100":3,"101":2,"102":2,"103":2,"104":2,"105":4,"106":4,"107":2,"108":2,"109":4,"110":3,"111":2,"112":3,"113":3,"114":3,"115":3,"116":3,"117":3,"118":3,"119":3,"120":3,"121":3,"122":1,"123":3,"124":4,"125":4,"126":1,"127":3,"128":3,"129":4,"130":1,"131":2,"132":2,"133":1,"134":1,"135":1,"136":1,"137":1,"138":1,"139":1,"140":1,"141":1,"142":1,"143":1,"144":1,"145":1,"146":1,"147":1,"148":1,"149":1,"150":1,"151":22,"152":23},"f":{"0":1,"1":6,"2":5,"3":3,"4":7,"5":5,"6":10,"7":5,"8":5,"9":8,"10":9,"11":8,"12":24,"13":3,"14":3,"15":2,"16":4,"17":4,"18":3,"19":3,"20":4,"21":2,"22":22,"23":23},"b":{"0":[1,0],"1":[1,0],"2":[3,3],"3":[1,4],"4":[1,2],"5":[1,2],"6":[2,1],"7":[5,2],"8":[7,7,2],"9":[2,3],"10":[2,3],"11":[5,5],"12":[2,6],"13":[3,3],"14":[9,0],"15":[2,22],"16":[24,6],"17":[1,2],"18":[3,0],"19":[1,3],"20":[1,3],"21":[2,1],"22":[3,0],"23":[1,2],"24":[1,3],"25":[1,0]},"_coverageSchema":"1a1c01bbd47fc00a2c39e90264f33305004495a9","hash":"124fd5d2f57f232696b96d6ff12442eed3136159"}
,"D:\\Projects\\interview\\Freshworks-parcel\\src\\test\\config.js": {"path":"D:\\Projects\\interview\\Freshworks-parcel\\src\\test\\config.js","statementMap":{"0":{"start":{"line":1,"column":13},"end":{"line":153,"column":3}},"1":{"start":{"line":155,"column":0},"end":{"line":155,"column":22}}},"fnMap":{},"branchMap":{},"s":{"0":1,"1":1},"f":{},"b":{},"_coverageSchema":"1a1c01bbd47fc00a2c39e90264f33305004495a9","hash":"6f653458fc7b09431b64cbd4f014f7e72285d515"}
}
