TN:
SF:src\js\config.js
FNF:0
FNH:0
DA:1,1
DA:21,1
LF:2
LH:2
BRF:0
BRH:0
end_of_record
TN:
SF:src\js\index.js
FN:14,(anonymous_0)
FN:35,hideNextBtn
FN:47,proceed
FN:75,back
FN:101,next
FN:125,submit
FN:137,updateLocalStorageWhenChanged
FN:149,addErrors
FN:161,checkHasErrors
FN:176,viewDynamicQuestions
FN:192,cleanUpErrors
FN:204,showList
FN:209,(anonymous_12)
FN:232,(anonymous_13)
FN:252,(anonymous_14)
FN:260,showBoolean
FN:264,(anonymous_16)
FN:290,(anonymous_17)
FN:291,(anonymous_18)
FN:318,showTextarea
FN:336,(anonymous_20)
FN:355,(anonymous_21)
FN:405,setLocalStorage
FN:408,getLocalStorage
FNF:24
FNH:24
FNDA:1,(anonymous_0)
FNDA:6,hideNextBtn
FNDA:5,proceed
FNDA:3,back
FNDA:7,next
FNDA:5,submit
FNDA:10,updateLocalStorageWhenChanged
FNDA:5,addErrors
FNDA:5,checkHasErrors
FNDA:8,viewDynamicQuestions
FNDA:9,cleanUpErrors
FNDA:8,showList
FNDA:24,(anonymous_12)
FNDA:3,(anonymous_13)
FNDA:3,(anonymous_14)
FNDA:2,showBoolean
FNDA:4,(anonymous_16)
FNDA:4,(anonymous_17)
FNDA:3,(anonymous_18)
FNDA:3,showTextarea
FNDA:4,(anonymous_20)
FNDA:2,(anonymous_21)
FNDA:22,setLocalStorage
FNDA:23,getLocalStorage
DA:1,1
DA:3,1
DA:4,1
DA:5,1
DA:6,1
DA:7,1
DA:8,1
DA:14,1
DA:15,1
DA:16,1
DA:17,1
DA:18,1
DA:19,1
DA:21,1
DA:22,1
DA:23,1
DA:24,1
DA:25,1
DA:26,1
DA:27,1
DA:29,1
DA:36,6
DA:37,3
DA:38,3
DA:48,5
DA:49,5
DA:50,5
DA:51,5
DA:52,5
DA:53,5
DA:54,5
DA:55,5
DA:56,1
DA:61,1
DA:63,4
DA:64,4
DA:65,4
DA:76,3
DA:77,3
DA:78,1
DA:79,1
DA:82,3
DA:83,1
DA:84,1
DA:86,3
DA:87,2
DA:88,2
DA:89,2
DA:90,2
DA:91,2
DA:102,7
DA:104,7
DA:109,5
DA:110,5
DA:111,5
DA:112,5
DA:113,5
DA:114,5
DA:115,5
DA:117,2
DA:126,5
DA:127,5
DA:129,5
DA:130,2
DA:138,10
DA:139,10
DA:143,10
DA:150,5
DA:151,5
DA:152,5
DA:162,5
DA:166,2
DA:168,3
DA:177,8
DA:178,2
DA:179,6
DA:180,3
DA:182,3
DA:186,1
DA:187,1
DA:193,9
DA:194,9
DA:205,8
DA:206,8
DA:208,8
DA:209,8
DA:210,24
DA:222,8
DA:229,8
DA:232,8
DA:233,3
DA:234,1
DA:237,3
DA:239,3
DA:240,3
DA:241,3
DA:242,3
DA:243,3
DA:247,3
DA:252,3
DA:261,2
DA:262,2
DA:263,2
DA:264,2
DA:266,4
DA:268,4
DA:282,2
DA:290,2
DA:291,4
DA:292,3
DA:293,2
DA:298,3
DA:299,3
DA:302,3
DA:304,3
DA:305,3
DA:306,3
DA:319,3
DA:320,3
DA:329,3
DA:332,3
DA:333,1
DA:336,3
DA:337,4
DA:339,4
DA:340,1
DA:342,3
DA:343,3
DA:345,4
DA:355,1
DA:356,2
DA:357,2
DA:365,1
DA:366,1
DA:367,1
DA:368,1
DA:369,1
DA:370,1
DA:371,1
DA:372,1
DA:373,1
DA:374,1
DA:377,1
DA:378,1
DA:379,1
DA:382,1
DA:399,1
DA:400,1
DA:401,1
DA:402,1
DA:406,22
DA:409,23
LF:152
LH:152
BRDA:16,0,0,1
BRDA:16,0,1,0
BRDA:22,1,0,1
BRDA:22,1,1,0
BRDA:36,2,0,3
BRDA:36,2,1,3
BRDA:55,3,0,1
BRDA:55,3,1,4
BRDA:77,4,0,1
BRDA:77,4,1,2
BRDA:82,5,0,1
BRDA:82,5,1,2
BRDA:86,6,0,2
BRDA:86,6,1,1
BRDA:104,7,0,5
BRDA:104,7,1,2
BRDA:105,8,0,7
BRDA:105,8,1,7
BRDA:105,8,2,2
BRDA:129,9,0,2
BRDA:129,9,1,3
BRDA:162,10,0,2
BRDA:162,10,1,3
BRDA:163,11,0,5
BRDA:163,11,1,5
BRDA:177,12,0,2
BRDA:177,12,1,6
BRDA:179,13,0,3
BRDA:179,13,1,3
BRDA:193,14,0,9
BRDA:193,14,1,0
BRDA:211,15,0,2
BRDA:211,15,1,22
BRDA:211,16,0,24
BRDA:211,16,1,6
BRDA:233,17,0,1
BRDA:233,17,1,2
BRDA:239,18,0,3
BRDA:239,18,1,0
BRDA:266,19,0,1
BRDA:266,19,1,3
BRDA:275,20,0,1
BRDA:275,20,1,3
BRDA:292,21,0,2
BRDA:292,21,1,1
BRDA:305,22,0,3
BRDA:305,22,1,0
BRDA:332,23,0,1
BRDA:332,23,1,2
BRDA:339,24,0,1
BRDA:339,24,1,3
BRDA:366,25,0,1
BRDA:366,25,1,0
BRF:53
BRH:47
end_of_record
TN:
SF:src\test\config.js
FNF:0
FNH:0
DA:1,1
DA:155,1
LF:2
LH:2
BRF:0
BRH:0
end_of_record
